24801
33356
59823
4054
8465
49800
60951
13076
7404
62706
3483
5404
15765
57004
30079
5677
1028
3029
15678
41911
25181
41892
13870
817
4050
452
15398
24521
917
56
245
38349
20657
35573
28940
47738
1117
25837
28037
1733
12458
17295
29802
2494
34851
20271
620
24136
1273
15781
11328
3921
2968
11905
23278
459
38433
19364
7033
13748
34132
6716
34512
0
53254
26607
9312
40564
57112
55864
45309
5487
43376
73162
53417
42350
13572
11796
52640
30553
51557
11322
2399
8638
29588
9012
1481
12366
35426
7065
13787
57871
37229
9936
34246
40689
24503
9665
63908
17944
12383
510
41468
6426
33882
68012
643
6825
2501
34557
45649
18962
10121
2967
13745
7563
15453
52509
1636
4438
24437
15439
4473
23596
13359
21951
23
1038
42502
4511
44384
4028
19004
12488
20433
1959
55365
58384
32685
37994
24546
61797
189
7703
11050
4311
8797
57838
8846
41123
39524
27818
23809
14246
23263
10643
10967
27988
2703
5738
41859
1602
11724
15297
24180
21492
24790
5687
3704
3568
58362
568
276
1375
21701
19777
126
134
18323
12870
15357
3828
56828
33335
39493
5347
964
194
378
23839
11826
43562
22778
28964
2456
24676
47108
4469
11286
46861
10943
53493
42052
41586
6030
4882
25157
16674
11572
20556
539
14455
5101
13900
578
18319
15647
7588
39819
36444
21149
63238
21229
14733
1673
56633
13981
31475
9866
55336
43784
3214
25810
15158
25046
93
59483
1359
191
1413
1205
14561
39093
45806
4144
3659
68759
27959
18930
42052
26920
66449
36845
9590
6858
812
41112
315
27000
13595
26824
7271
21770
33254
59647
22653
9393
46312
51449
2752
2481
5965
17852
38502
11283
363
2160
3870
32102
46792
72
6560
65237
56163
2484
22797
15098
54386
7346
4663
1589
5689
8228
20855
28808
5364
198
16484
39232
29060
45132
50438
8199
2039
41333
4381
67630
9087
12219
5139
71196
526
3293
8499
51578
37949
41298
57883
21465
14
42055
10601
19102
6597
33959
39697
45488
5249
36159
20266
3080
10420
2569
7321
80
508
12724
25618
28062
5219
9530
64
13234
19197
4971
68230
2996
46296
179
74945
26066
26550
8715
56053
15766
70853
13199
6708
8360
2945
65105
34363
22067
179
77204
187
10319
22033
33644
44671
53750
31569
26547
491
10591
105
3298
9778
62653
9083
6987
793
53031
641
56104
29541
4471
40783
3373
39183
52978
67312
20924
4689
38051
39
59065
11319
60
9612
762
14673
31831
8210
65118
5374
23923
53857
6739
61548
2898
959
16496
76264
21168
25583
11318
33896
62322
57181
17888
14875
43899
31618
30854
45769
27010
30112
14768
61711
31218
25516
31612
1648
2259
4122
26789
43110
23017
5635
29660
16222
19
76073
7425
14584
70584
8769
39308
5644
59189
30540
3284
10505
42135
56371
28351
12292
1152
2354
63114
27420
36728
32481
20909
2806
10015
36603
54985
9215
7413
51725
7933
22614
48993
37735
62164
39049
6180
47792
28652
6492
46222
1399
68489
18230
54574
1431
5607
40214
16519
8174
20480
804
49926
1165
34561
5116
70126
28373
76496
19817
1987
32578
14
6987
30375
31648
16086
1081
2471
4229
36557
268
17750
4512
7482
66797
7164
5812
22131
17845
28481
27390
42174
2788
2562
6532
23612
28948
31792
32167
7397
46554
17904
3065
68795
35286
6478
10471
1926
22635
40629
6062
35114
6697
54763
49406
5291
43171
3519
34278
59150
24841
11092
3495
30834
11347
17629
8016
16891
8517
1855
24340
11275
24871
28
42364
3674
7288
10196
13040
9691
12030
61916
59454
4163
25724
59828
20943
12
9047
60677
17656
3462
38964
31754
51174
633
12625
4202
5435
56645
59988
4423
32626
8520
68047
7480
54592
2311
13143
534
7709
9371
1640
56349
8122
45343
38850
11276
42757
844
12973
58235
28865
113
70948
22152
24285
26267
35073
320
74062
644
6236
27923
8647
23116
13208
27963
16790
55093
12420
8082
4305
47333
27727
1044
1116
9
5908
5706
23478
61919
835
42436
14941
33251
11794
1080
21999
56066
4567
24761
15495
1286
55562
70838
73887
8972
33860
30610
18151
22359
5224
0
51831
5835
11795
58971
51869
12060
168
23839
32508
17516
34627
133
35679
488
4421
492
17335
14492
5449
1854
6996
9215
29258
23385
26364
20
2925
8941
3692
10729
15991
476
23393
24
54539
1304
26041
248
5291
6334
5484
3767
18795
50738
8917
43321
8781
25700
17759
9655
33251
35065
57855
74037
25404
12044
54577
31536
33175
44113
12558
39574
25412
20003
3170
864
22
6498
1293
3405
426
51922
26267
53417
475
4552
11956
52855
22730
8050
45696
23820
28360
53018
26320
3450
16224
8133
11008
13194
181
45275
21476
12804
1127
46879
36175
32384
2502
59697
813
1459
5352
2979
4995
6665
15
9929
14277
15322
72
66545
17832
2602
1413
6073
13365
469
11139
25043
49302
9913
26426
11424
46539
61520
657
16713
75788
1338
11863
227
9710
2229
2780
14234
1044
1172
74816
15430
301
1135
49409
25935
53329
12260
59825
9861
11950
1219
18100
128
970
64520
19874
13231
8386
11571
11341
31831
70853
953
3412
21223
4094
45864
18795
6442
8973
39708
19968
61955
3568
3670
38865
1636
881
5828
8871
14057
5569
18385
23930
1943
15503
11974
42684
18491
72037
3363
25207
12630
47620
7433
6085
41179
60569
43128
4699
2904
387
65962
35305
10107
17314
64
1340
23214
1225
26826
26271
16614
49129
31170
5465
410
45036
32385
55496
3714
3554
6215
9354
27245
51179
18117
27596
51994
12558
12748
45492
46350
28579
14442
16
1884
1087
75235
381
58069
67611
47410
2778
280
1619
52670
1457
61300
12795
97
17607
74066
46021
4081
52538
1752
20818
2294
48079
3270
19873
9384
10728
12795
67119
5964
71920
33017
39329
9312
26935
251
13596
5
12720
8740
69687
57653
49840
10908
63123
2632
45632
5677
17291
11922
14991
34204
1102
18377
2022
4110
4970
4286
847
31738
2888
19609
1378
127
33066
9470
1256
17755
54388
8957
8967
694
47431
5635
51592
51219
1227
13619
22746
22942
22654
48008
7587
17346
2766
9848
13320
19203
31412
1847
34256
33138
17723
14915
15306
40126
2335
172
54447
16028
7543
284
4009
22336
32051
12047
25452
47365
10749
62133
9821
65828
17531
3215
63297
243
38061
54694
6366
1783
264
5461
50389
24953
3752
2151
899
68128
8170
66696
3882
31661
1771
50710
58479
4463
72062
6082
6475
16478
27322
70853
3855
48325
3673
21557
805
16577
3205
6711
53719
69712
8576
704
72790
62435
51517
14379
889
3616
3434
4879
62335
19822
39654
49091
16629
26827
17074
6027
40771
41531
8608
2181
35830
1030
1181
52715
28801
6820
67031
19415
22916
24366
8714
3924
215
40348
246
9416
5659
31283
5878
36361
667
34951
143
12
325
51502
20240
1501
2739
301
58839
3207
23901
39203
17708
50941
65375
9839
41157
8426
64212
15950
15625
2558
24431
7932
6878
23108
19447
10347
13698
27327
6723
9783
32605
7430
16667
4412
55307
37950
55805
53371
40752
8600
10997
702
35565
5809
60
519
338
16828
37887
1682
4307
3526
28265
52429
10810
7629
281
25027
59938
53972
3810
906
241
3390
14524
34311
10279
33927
5890
60354
842
9178
2526
52164
7491
17790
22632
11161
56930
189
65979
17717
76537
0
19618
44294
2010
17497
4024
4234
43727
38383
39428
14551
6726
4617
60308
1801
10352
1070
75102
2271
4995
7356
41980
15440
61846
763
29480
45659
38465
1700
22699
14429
68912
37759
13451
10889
17847
51047
932
33078
51592
36634
18659
12053
24919
5500
19358
39514
50373
17132
9099
59744
27246
21484
26265
39113
257
2837
61243
2746
7782
22141
3482
5734
2441
7259
10597
62355
22518
74049
30633
35658
41273
28139
8663
6543
1058
49624
9982
67126
68039
64457
16314
52108
6706
48924
30993
22033
2084
56431
7783
6992
54396
1288
1030
23285
11894
23997
2977
2089
36895
25208
43889
52117
10128
14943
10975
6130
15782
14209
3717
61304
1803
109
11052
5374
21951
54548
5599
4793
59864
5068
42148
40335
32584
14618
145
3299
16839
21738
35402
8195
16098
62934
3416
20640
2931
56464
17414
46674
6698
6501
14623
16798
16759
45845
5271
44994
16112
56260
1409
270
40373
1444
212
62355
4686
5376
26891
14416
43260
50870
1988
45688
34939
41044
15071
38261
22446
75258
1388
59155
12294
25028
42580
14201
40366
15248
24132
14821
48631
9478
3732
16807
25871
19289
63939
24168
6094
24523
43171
1862
45581
15297
3148
57994
1575
14725
46250
3538
3720
34
54732
25822
4619
27913
14389
21861
10
9464
28121
39839
44754
65670
32002
38697
6961
19454
887
22174
71372
12606
1148
23446
24425
35322
17003
41743
66869
32771
38157
2362
744
11257
3446
13042
21308
5012
22025
25903
41814
8010
1190
35670
19333
13147
1030
7521
28010
21209
25850
62178
16555
27970
5012
12371
4404
46751
8154
33501
16390
14453
48581
8270
922
327
14910
56088
37037
596
30263
49536
11210
8741
16877
24684
3681
319
5025
964
76652
12643
672
20833
19448
147
4122
55387
473
5231
10900
162
233
2290
4512
5558
39216
19469
9566
4147
21740
479
10505
3466
45365
15221
1251
6224
26653
3266
140
12849
581
198
865
58079
11318
39533
23128
264
5738
35032
25
65133
7127
18094
62309
2576
14606
14438
1602
28685
4356
7739
17488
14499
1765
32142
13909
60630
5251
779
224
75009
21341
20434
74938
14082
13053
42610
251
51000
1487
921
46063
2031
494
33590
295
77
58786
4607
38429
16435
27427
1468
9004
23373
6971
8878
22912
34807
59096
6102
4046
31883
40099
27571
1782
53472
24458
30040
10946
1760
3998
56413
14338
15953
18910
3009
159
24281
13168
63677
7474
60613
11914
34474
4726
32272
26795
28064
35323
30910
17110
13
6394
8410
7747
35162
67882
2279
44942
273
1939
1596
11208
50063
56856
47825
66060
54406
69487
56641
2781
10162
203
15470
57770
3575
21467
22
21227
9673
6724
76917
1322
59
51853
25519
54318
9923
7671
55510
18815
7671
43788
370
49887
379
3684
57593
7182
617
44635
1065
21190
816
17262
10741
22956
58613
40355
147
12353
12917
22516
12079
22681
13234
16044
76571
15688
62251
17
40705
44833
38278
5181
44298
6870
3042
20061
922
8370
26911
18168
52978
48580
10976
9969
17707
4627
17742
50365
15482
25958
22017
4230
24536
65490
44300
1622
26961
20887
75229
6161
65457
2010
9076
12392
41594
3311
47090
1954
23567
59536
41261
21091
6941
52626
1042
247
12412
12496
4666
1055
50044
326
619
1320
34433
42319
59429
14813
10861
1053
2886
37714
59263
51762
40457
6714
54247
303
909
72311
1055
30493
27818
69918
5582
13527
4998
767
27673
30166
378
34895
2199
1371
18680
4623
54309
26
2074
11942
20232
11820
4002
23282
7617
30342
33270
12037
40128
22812
12492
7471
2280
39833
24546
1111
10801
46751
37218
58818
21137
29458
52428
45937
1886
3561
76811
17959
2224
10770
6451
68823
11818
147
4419
14789
15368
21936
63245
15667
13731
25974
11643
26832
1479
26016
9883
69337
71379
38604
17376
37664
2758
38786
2089
22231
337
50505
22701
20436
33060
25184
18101
41379
33116
59464
72694
149
9502
43400
4169
46209
53443
13871
64673
29344
24597
62813
30763
46298
12637
33084
23384
22216
4578
52876
18146
2050
22991
8374
15089
24022
56401
23635
36938
3113
11306
3216
51290
15616
15159
24430
1299
14246
8943
642
533
8998
7715
74039
933
20515
1166
18057
25382
58620
32562
15771
39
1404
24335
59773
10585
19419
3599
11467
10638
64697
11905
47610
32773
368
34675
12206
16024
24519
67182
20250
66419
6443
29258
12434
14519
71951
46237
8406
455
37235
18240
7740
1765
17043
3360
73
3353
3277
32436
61672
5371
31651
53258
33759
29460
3277
40674
4778
35413
59925
38599
23306
4631
5027
4855
5098
524
5401
30610
9108
20161
1127
21327
36762
1509
641
16762
51306
48187
6958
8249
22009
220
11521
17578
14516
27900
11556
35757
51203
59826
11197
10024
25454
32290
73915
1007
41753
9982
41507
9517
42713
6355
29440
7464
39893
43086
22701
49638
59257
4616
20402
13131
5987
45471
58860
373
9539
967
36018
2590
5992
9402
244
511
6850
3394
55
2138
95
22869
35431
22749
49287
13355
14101
20898
6334
55335
9216
7007
3196
3576
3450
16264
5293
1776
5690
18571
1932
37665
117
44032
30697
32549
533
43931
62347
5218
17509
58
26882
31709
17434
10163
13628
74713
15414
69520
73600
11080
326
18021
3110
36396
1200
17841
34655
35250
46307
10855
31286
5557
29194
34574
3881
25679
483
37301
30261
50853
39855
64802
25351
6920
12823
43850
19109
26421
25210
1865
15216
41
35375
522
60584
20237
53497
39581
5523
636
32189
42048
70317
3538
11780
13800
7078
17376
28512
2586
36210
2054
2926
9896
25047
2141
6956
58100
33759
2193
18134
1081
573
17456
11358
1634
1765
113
55787
37949
12558
69612
4093
38786
2436
67328
6260
24762
31648
335
8744
28827
23688
5636
64946
7613
66257
18675
5935
13596
1264
97
9450
4054
29737
58756
17864
47090
31535
71499
58534
8508
43111
36867
4526
38409
14173
14506
16670
3236
19554
48079
7543
1086
49558
25518
66102
180
9139
10658
22795
5574
43401
839
10507
58734
35623
39389
16796
43267
30335
18618
16157
32934
62734
132
20298
3354
2932
14225
10667
5598
37633
9114
6160
15211
339
19477
57694
58751
41034
10941
23911
28355
6173
221
3424
59506
41215
47788
42795
32773
7885
44463
5769
54531
37830
31184
60414
20917
52087
28757
18294
53285
31021
30572
10097
5699
19970
798
40268
6587
16314
24968
3948
12384
8011
70967
9568
3833
24437
33113
17342
32836
2373
38943
58300
7101
463
21472
67098
2614
5231
21601
68589
16689
25304
10558
69856
48636
57840
12965
12278
11633
4397
55313
4515
371
8150
18096
405
2941
13337
7264
12209
22565
1391
31367
4097
40579
5652
29
56559
32863
9121
7683
814
28072
49350
47900
593
26079
3806
18243
21685
54183
49316
5794
1375
40149
7389
13743
68936
76684
7379
10277
46324
12294
50728
4216
46309
24939
940
8620
765
1926
98
2159
51869
50626
39571
11573
7456
4412
51997
69959
7593
38622
22201
22569
3067
4740
312
44058
375
13320
37303
8090
7737
6866
10590
1403
38703
258
17578
70696
25224
48164
6561
1051
16038
6044
387
40646
2824
10223
51780
16083
597
17801
55864
65854
14734
29889
6962
75130
2322
69292
4078
49250
39544
42113
22238
573
15178
7870
8665
26260
57873
19681
27229
23609
16934
9142
7191
51859
22099
28246
65812
44886
27655
2178
45547
363
33643
40075
42720
44928
5674
12531
24255
5136
3441
12967
2916
19770
35607
9761
10144
57488
28463
15059
8151
30883
2124
41220
490
30
3437
52344
11
71934
706
38820
20266
7680
3381
19000
37802
3657
12131
2669
5903
40833
39677
2473
6699
9653
14245
18770
60247
22944
15114
454
14390
16086
62288
62842
41716
10135
5748
40464
15624
53510
15324
5879
50621
24205
5026
31982
37497
280
9076
15453
70126
33085
36969
5974
28157
5877
110
287
65203
10423
10631
1693
44152
18061
58476
9451
49423
21928
657
44801
6948
35388
54806
71334
30307
560
71825
2502
771
12459
60268
8213
27534
29586
953
18515
45017
27768
38102
38857
36725
11168
69155
48085
26401
13507
58074
764
1428
34000
10495
3123
38385
31137
46325
28501
1413
2189
42659
1526
5876
43662
51953
17479
17936
41152
3346
7219
17515
20921
49772
41033
9197
24658
17907
19190
61936
49900
7937
10916
19785
1496
11105
57791
22334
1561
26579
8764
71358
30201
14843
37763
33912
37771
65900
9115
3188
21214
23163
13412
9502
15945
37763
17959
2037
18899
44168
23389
51862
26563
51644
1791
26154
14830
21109
548
17253
19219
2838
33155
27427
16830
9208
19872
8635
254
4122
46740
1218
61384
40084
10480
15874
60688
4434
9860
15617
12100
18539
4637
2318
38635
42535
78121
71063
2852
65608
34115
11374
4400
40411
6655
3520
33842
57181
32173
63853
27229
26419
20355
657
2584
7364
1933
46815
30854
11928
65039
24662
24823
50910
10219
28838
45339
3318
12994
67352
8185
12158
3199
11523
16194
3176
6431
68295
39150
3849
48113
5094
25825
37049
68157
12061
4438
39819
28563
2076
20190
33398
27774
73099
188
14386
29063
24615
38372
32814
295
18288
3369
281
4344
11990
9799
1346
1930
967
1046
439
75
14600
2527
24827
10100
28487
29843
39182
1259
1983
44385
52620
31139
1863
43293
17886
56492
71885
73218
1125
68768
11434
4595
3712
35064
72844
48932
57914
40556
1414
5214
50078
19776
23399
61342
4626
20070
30883
23540
8250
8375
9320
7354
26502
24336
14949
12144
20109
49354
20243
65179
921
16141
68235
12002
59700
52172
7802
66842
1402
14335
19261
38694
53101
5479
70853
51576
51413
6793
37345
50355
56868
49
10696
28718
44763
33036
558
7068
35644
13665
18533
4116
58807
28812
13033
32232
54296
16412
15090
2651
6644
47937
28688
25672
24056
39130
2143
400
1217
27749
6166
13977
1811
3364
64081
25805
30558
21610
7470
4001
19030
13187
6415
45969
55343
4475
10601
31685
5582
32003
12112
35
46730
46078
4779
25412
61686
3554
32251
7317
21901
1796
8183
21389
14517
552
20446
1145
15497
63276
5130
148
1663
10342
53154
19118
70696
71991
71964
19867
59383
42480
50389
929
2940
286
2020
7783
3815
1055
32418
51059
13510
59475
21008
31633
2419
32458
2366
15820
1180
40275
42452
3462
39377
33165
16479
10078
4874
30753
60968
6907
13376
2789
3365
60305
4822
24444
13299
64633
66188
4577
4
867
20731
29708
8187
34283
59813
23
2709
11450
5806
1553
15324
73316
7428
27813
23404
9188
57163
21784
4016
23493
4354
631
36937
75242
21388
23222
62306
5278
61882
75572
30467
14485
51244
9029
33327
41438
1988
62
40195
195
26949
47719
22790
348
333
9528
1179
5385
69718
36909
29251
72313
34733
47074
13206
17347
5219
15927
127
2467
32231
2213
48702
50882
8168
5228
31049
59621
53247
79
60121
10558
11312
121
1
24958
59497
12964
3436
31539
68820
36433
32872
21142
6078
5614
19634
19570
72843
13077
48581
31728
6498
1539
404
34679
7824
54187
19279
12778
4424
11278
49261
3473
29017
13211
27428
18570
26290
20728
60401
19298
5951
69286
61541
1558
4201
42900
68768
6179
5011
12976
1543
47164
13812
12382
24538
10160
2615
55202
47695
44763
31761
9753
45091
21020
1522
7422
33522
9141
11976
72059
15899
22744
38053
16637
7233
41312
16955
41646
12030
43717
4186
15191
59647
1332
47151
16123
69786
6805
159
21313
35298
195
1106
454
3242
14695
9251
59142
5414
21742
71851
32503
28028
6876
31501
30027
2239
19283
31330
2937
19613
61635
53601
3155
464
70663
42097
3461
11627
32277
49493
1331
16667
33096
22732
30780
8823
21398
47498
20239
74845
37389
19015
8356
64911
27026
55699
9040
21385
55877
37959
45471
22568
135
71933
28977
7321
20388
37421
4720
6792
506
13939
11315
12713
1644
10545
12277
8831
8243
25882
73382
40672
41322
8127
1838
248
5298
82
29518
44960
70250
4105
32240
6137
322
66549
21
21997
65918
11969
23350
39962
55251
68309
7831
15089
3393
5109
25522
55916
2460
7451
5413
28868
11276
11047
43615
45614
26172
27827
1243
7479
30173
2044
57597
56912
17581
14397
25075
32065
13714
65292
71033
6950
11069
22220
30255
1204
45567
30063
28115
37043
12454
37679
10436
2087
669
20240
74378
7085
5492
48323
57267
39984
2141
5468
5621
40648
5464
7668
18104
212
19713
48092
34524
10417
51126
21129
25169
43073
23603
581
56051
10460
51450
23635
28962
109
9876
526
15368
67351
1300
51780
1155
49
26964
61519
389
6988
601
41538
6797
5536
38493
1074
34729
7060
23741
13911
35640
6597
3333
2628
15807
40011
36623
55255
32789
8990
12621
57557
1006
25986
34098
58709
8149
18156
5134
60709
880
13188
12359
8351
58460
38562
25692
15049
18521
50490
23792
26074
38311
19500
2481
11599
55004
5090
1965
3148
6133
27521
26768
7046
5592
47576
12738
15204
67750
12127
12077
28270
19475
38369
277
16485
7733
43825
12305
2556
63136
4923
6695
572
16496
7293
1206
1365
1037
10834
1929
23629
13450
41067
28056
58933
15730
51813
3333
13084
2080
6964
17393
423
29140
7288
44104
24857
76753
56057
41595
60141
47709
15868
38369
68606
43989
15151
44030
56409
417
25227
30539
14106
2660
318
703
3043
21813
23128
363
47703
8652
4683
130
66699
25491
69
48623
16496
419
21477
21999
21643
13528
7864
3657
10237
41465
893
13930
1
17622
29783
12874
1360
19425
33011
30199
34907
22408
16075
69217
1355
828
6561
11434
11762
56869
12495
50938
11474
63994
12846
37384
15848
9666
438
40693
65460
57722
40301
18901
23990
7214
55308
33341
9505
2361
3476
1597
25095
39512
51779
93
16053
16744
26574
67750
19795
71377
1252
7191
1342
37017
1042
40080
6552
31883
58765
46580
10800
492
21916
22564
44129
11684
25780
37997
3270
44731
17995
53317
14196
37997
40523
46208
53607
16170
293
21343
34743
6904
29065
15508
9563
37633
25742
25225
1330
25498
37380
22120
7987
10366
69648
330
13457
2554
34981
7351
18153
1223
2289
9447
42104
25116
4283
21703
51067
1416
52178
52377
4920
2623
196
28196
1511
2644
18744
67284
6512
51
209
19402
19374
494
3544
50420
32230
47665
4285
37318
9219
4241
6161
56291
24371
25096
36553
41018
25923
10316
14018
2940
9332
33976
28973
10508
48963
60309
16964
3777
63220
55198
74931
4195
54034
18578
76554
376
40785
11488
55295
188
1943
23686
57183
47067
8336
13808
55213
4245
4919
38438
11993
9344
56030
67942
6407
11777
41190
853
28064
70250
8162
19343
1875
13892
29553
12933
77772
11016
30835
17868
995
9115
10291
9531
16324
49038
19084
28210
1629
4731
32146
911
13359
4464
19330
36868
19618
976
16417
40122
5185
43570
23382
15817
4397
12740
63668
1795
2373
6670
26590
17774
41706
724
10112
5089
18357
3
3536
13
12385
13377
32486
24336
5673
51796
72244
10911
4608
15896
72653
55471
31603
67236
53581
75062
4058
2398
1886
48150
6993
84
56349
14472
18274
2706
34382
9325
25768
8267
26980
10183
8492
79
3531
9411
7503
17244
567
10862
2468
4669
10330
4629
38809
8506
50627
7495
73541
4670
8164
45969
56806
29097
4569
858
52485
68714
5876
43127
13956
55503
5241
5012
401
49537
35099
5345
1692
122
1867
41980
659
43357
2629
48453
23470
6879
32494
31617
44698
38089
6907
38562
58954
17336
60998
24376
13232
12570
37973
3268
50031
29008
55545
10727
3898
2635
1258
22427
37708
18291
3875
43534
657
25709
3319
18786
29828
5957
25921
18134
88
28809
4601
1874
1347
16375
29598
2373
32241
35292
23576
79
22483
19158
866
10740
1866
53371
38641
9814
32614
4549
20545
3101
8268
2179
5523
121
172
12526
64860
49834
29491
1561
20992
8071
3018
2687
37786
62302
19
45682
4149
55004
17516
26304
5045
1945
4430
11038
15260
9773
23587
2669
19937
44928
29016
1054
17391
7312
54938
20325
3792
5888
82
68072
28874
3569
32606
689
22448
716
438
33522
8961
43784
39570
21971
25762
13768
12017
23620
21035
41623
18966
2480
3459
50997
10411
15021
17819
35754
16307
14187
6982
16282
17600
4948
5572
63674
23319
55427
10386
39072
36341
13421
56595
6007
2112
33981
32231
21049
29783
6047
58186
3581
64739
59245
5137
41081
2915
27637
57302
57058
16732
6335
19439
13963
27558
55900
26535
40993
37515
17010
68823
56572
2071
29354
1044
3148
5265
6269
13883
9967
20908
23614
50977
74306
25525
479
33623
13079
36700
17191
4434
14389
2467
60036
55968
5250
7873
7769
3715
3789
18057
25
22404
2713
40373
1956
31816
2034
66429
12492
40564
2978
3290
21240
36737
71842
5333
10709
12934
41725
414
47
75081
48841
14130
40745
45660
1838
25110
9644
34748
9928
39953
906
20755
39084
5462
4975
48862
73706
161
48971
33061
101
5736
60794
1528
20838
67130
10522
10037
2442
47072
4767
39683
6561
28574
20848
31944
6418
40951
875
70047
79
26028
44168
10994
75258
32505
12017
28581
48519
6582
27244
39489
73
25991
1538
3255
3400
73813
1025
6921
1741
27072
21126
53002
51922
34468
2114
11663
61306
20025
24287
4012
20060
10723
4356
37753
312
1941
22408
36342
2698
32420
76919
41672
3176
42422
26582
1263
45132
2000
35807
63661
905
3599
24181
1233
32092
71658
5766
19947
54332
2706
2510
120
12005
270
593
23138
16375
10859
50371
59549
30749
11797
17095
40722
74318
41374
2895
791
22799
1403
1192
8945
45004
523
14786
14258
7268
11358
29125
72593
32881
40132
1287
40133
6704
699
25541
54075
29692
6813
376
22681
27154
42658
36644
73902
11952
21350
5427
35667
27262
42195
18740
6816
36964
5134
1052
11238
33645
7497
7645
2347
64779
29750
1215
24883
7181
47279
39828
24798
48935
28284
33190
22408
15023
5953
12099
69354
67575
18158
22806
27052
16006
6975
27941
13181
24435
613
3112
6987
10270
14127
39492
26827
11282
26788
1880
9525
73096
10727
9905
43535
68419
37635
23034
50088
180
24818
45820
2354
37388
1934
17863
40927
9484
35477
39613
37704
8499
7832
14516
15089
62324
43707
12
7662
16669
42954
24826
5297
56886
40388
31114
4084
8978
337
1657
26147
9318
2243
52912
12572
6882
34676
46535
17528
1174
3355
9729
27275
24410
54397
53462
932
32503
39194
5813
3466
41546
29973
1401
8224
59741
74662
1064
30509
14371
5979
37987
56622
38359
17110
39299
11085
17831
27017
6187
19717
30313
30650
1537
612
6795
44568
653
72957
25377
44386
28680
29019
2247
12458
35094
50341
11553
55816
11718
2047
5487
28859
37499
651
31139
21641
69337
22568
44406
11777
61949
18100
1954
26024
64042
250
5401
37235
33645
14678
75768
37753
13720
7462
55314
37694
42744
38594
1
55389
15971
969
46493
6824
27461
15828
674
25185
48
359
30322
42433
42684
65381
196
16314
11162
42863
38645
17438
2443
11212
43496
5906
16575
18054
1132
11725
18389
45677
10449
56627
25895
27357
28708
53815
7108
11055
1004
22219
47421
3721
13378
3644
44420
4414
30384
22795
22912
3104
5943
50614
1994
20243
24611
44092
59185
69747
7715
11784
3893
1832
51474
24620
8119
51994
3848
5620
24742
25186
346
59700
12568
18492
22024
50265
21625
58807
34301
71932
3621
59338
46975
7816
33642
7004
2967
45401
19137
24603
4006
66452
2759
3353
61181
17769
53745
59941
11820
21195
14619
70311
110
52267
38788
24436
20832
36470
7732
42138
198
6593
203
3159
26282
1587
16283
18007
5975
15129
30201
35584
10935
4962
32722
60544
62957
77560
18991
64559
4217
22346
61959
37167
31263
20580
20
16676
59764
22557
1787
10181
1669
153
14458
47989
54978
43962
6901
187
45397
17592
19395
22826
4171
97
26074
3009
1879
10227
56320
5274
8861
34204
4685
51079
70590
63220
2436
2579
12100
732
71352
86
37205
42741
7845
53571
43873
57068
33881
3698
67078
13446
23787
8214
52708
46986
45816
30056
780
4180
531
18949
41109
35509
7685
20710
3982
44081
66612
11706
33018
9619
13446
19226
5979
4322
13063
53151
36771
28996
10227
4977
9528
18155
19880
18711
721
10419
33619
52625
625
46533
46158
38884
4073
8393
1410
4297
22566
14388
26561
16529
34236
16736
1663
2840
28711
39997
5136
16865
46204
28770
215
14389
5265
72742
9907
22345
3913
64633
70651
9885
176
60420
17927
5010
26558
2170
32176
35716
6182
14294
12916
40984
76113
18046
46195
3697
32861
7007
35208
2473
20099
34055
738
11826
16799
25476
39682
10444
2240
832
7781
17231
13746
164
5749
14766
36831
74600
26457
35877
21287
34476
28386
73350
33791
2860
3114
8891
1932
61447
34164
52509
36433
17453
47482
11244
62
1600
51342
5639
22241
1160
23957
4771
40455
23951
8902
50164
51036
22564
9208
1515
1178
14986
72748
9354
24554
48136
27280
10191
1164
55438
2281
7259
24089
16015
9655
10281
47130
15826
958
15009
11052
7733
50734
57249
33838
12947
408
39329
1637
32529
12383
40939
99
1420
0
30289
4025
46020
35119
9229
51542
32654
4669
21814
854
20549
29568
38123
521
73858
2242
38832
181
51401
10729
301
4634
59189
18740
29266
46708
1093
20473
53
23332
479
62954
13211
1543
18432
414
8731
72003
209
12024
37424
6072
357
773
22408
10465
46828
2239
6477
59461
38769
44439
39515
66580
33
30035
46599
22030
56417
21978
16960
34023
75641
1716
13079
23369
2697
26903
155
65291
160
23216
486
29762
48955
9206
32229
24051
68287
68783
9522
12136
24489
74
8134
22944
526
3631
51094
729
8621
17851
35166
7410
157
29323
2943
28614
2319
6
7322
13722
76690
24875
13209
7474
33189
8894
57478
5036
28935
48487
12290
5563
78132
20904
1890
34461
4765
0
44368
16407
2346
6998
8721
1834
4403
9355
1043
50842
52864
21562
20556
56869
10136
51093
45312
5064
3525
28115
11341
718
6467
1624
47497
67300
30226
4866
60981
505
7495
59741
138
68808
8621
2498
3077
4260
51911
7482
15066
36350
14348
4668
19354
16957
50367
59799
48557
25472
41220
21061
34553
316
34597
58
21635
46858
25179
17346
113
11462
17959
1422
7490
7700
4581
12285
31323
26666
718
59016
0
76730
6904
25492
4215
5990
51413
37970
25779
8135
39084
18157
26350
25592
34458
5210
5499
9242
62172
68583
1298
11799
14236
22569
4886
4294
16601
53
69288
70107
43321
43578
14021
18448
18805
3582
17637
50589
3335
64707
3898
24
38156
18805
1156
28750
27617
31435
13935
24169
4449
29821
12456
3996
2827
25236
32982
10796
64158
57915
55445
29659
5899
77147
6695
42151
1910
11883
3814
36326
35473
30901
78
53646
2314
26798
6214
34365
21
1712
5426
151
21892
1542
1162
3333
707
928
5449
50573
7075
8070
14706
5418
28861
33400
10716
23358
5986
10132
4412
731
28373
1481
21497
13392
6102
16017
14792
70275
9370
9184
16862
35969
18129
12079
2241
317
20459
5809
14600
4973
38054
20193
9670
6678
733
70284
45242
47130
25840
12985
55647
15704
14901
51755
14973
10366
24306
29750
5318
35397
74518
27
19340
50317
27027
3216
14617
35726
45132
17346
41766
6496
40348
10846
6473
12053
21532
8602
908
2419
24304
232
1322
8122
5616
24833
57591
29133
16391
18467
7742
416
45567
26129
17153
54979
40067
11456
1822
56011
36880
50761
11207
39361
805
33873
14036
38926
24758
35128
30889
45767
66685
22240
11477
26636
22524
25905
3251
5916
1239
23427
23566
21638
7058
14563
7908
41550
19038
6742
27197
1053
1435
39734
1576
11241
25488
9160
19831
6046
10556
18323
1523
20769
853
25541
924
48512
4123
13180
9134
46273
24827
7945
27280
67130
38732
37493
7769
9068
4578
77506
81
25208
11578
29301
680
148
1046
37635
3865
36159
54128
10896
181
2550
10898
18795
30347
6979
20
11
497
4707
5436
51711
50734
10226
37677
17207
22759
32402
12412
45100
122
66885
14749
3672
52245
33976
16730
2730
7625
16
1761
36850
51779
24628
23563
16861
53096
31248
27234
32406
4585
1007
12202
2597
10418
8251
38844
44398
5428
36708
54272
32958
4100
6496
16061
17726
46818
39701
6612
6789
36614
36085
2104
46
33677
14045
8260
65670
28818
622
60137
13854
5797
56918
55860
13727
5040
5557
1889
1381
38033
1058
22764
36896
10028
73118
402
68822
20241
39665
40127
1163
37795
59346
15
53270
419
27283
68012
1676
52444
14746
5395
44981
3790
35814
74933
52084
24567
863
213
49549
2938
8241
159
53157
47005
21802
55014
12847
12628
37936
1865
38561
12209
4836
24641
14081
36668
858
27773
36238
2883
41306
4872
53815
4456
32115
51138
23601
26125
1380
11
48276
55017
3221
60938
3073
41160
23478
1619
40128
38396
15504
64967
49708
71352
15284
6859
8122
13572
19845
9957
3667
19365
25517
8927
6502
9460
2123
32621
63254
44078
37438
22543
1225
73467
27880
10925
6952
2243
1514
63492
859
527
1648
2161
20268
2919
4397
1656
12832
24630
22085
10507
42387
1348
14800
3255
2579
8981
47943
3359
731
74450
16316
10370
31982
946
17907
10014
18712
2462
60252
25311
15725
9703
46226
30788
4439
63211
49935
46751
42602
21637
22949
29204
23816
24732
72255
39592
2502
55397
5962
58060
858
4635
11647
37510
36430
8471
3910
6379
68282
62651
1734
32655
16803
12655
69997
6532
5818
30557
35637
24990
19845
4012
5085
8790
571
66153
47601
8202
33992
10228
16759
36231
244
6454
3605
4983
39766
23856
35716
57533
29736
13070
17736
414
13243
51061
41159
1361
153
1636
814
105
27434
11590
33745
22886
20601
25930
11711
128
66366
9569
53382
11402
204
15890
26169
6571
15109
3820
6325
43872
23615
63449
14473
4172
4533
47498
46565
27904
12084
11645
15690
3000
46272
32154
5764
15755
7242
10117
9102
13444
46539
44
14233
22429
61285
70991
25071
67662
40066
34835
432
4137
12272
396
6616
13738
5665
42240
7242
4671
41353
21537
24503
53058
26813
55
4164
62355
13123
10886
9428
7904
22943
18660
72197
13836
35845
17787
28718
6882
36685
591
48755
39750
24213
48940
30854
7309
35824
36224
814
6853
437
237
33835
2194
48746
18156
27507
1745
10279
23185
25616
186
4043
5887
33401
4602
51777
24785
32370
16191
9382
5569
1832
18498
29669
67351
47295
15837
63059
15466
34802
3113
1419
6720
3
2700
10794
174
40985
11965
50767
2976
21496
50642
60119
42969
47278
1700
19305
19174
45462
7218
68994
19333
11777
27028
832
4184
20632
1337
22056
28050
28882
19368
8260
352
17460
20409
7617
40588
25397
24112
8972
31524
36193
2552
26401
7844
15704
65244
1219
1137
7579
19947
6719
27244
23164
12234
38976
40311
15707
42937
61562
41579
7437
10761
28727
38876
56375
12574
806
25265
15515
59779
60211
4974
10608
8398
23390
18459
1400
62651
67
40478
237
51516
5903
2959
24677
33140
6357
40509
9343
67937
14300
5024
21340
21589
25270
67087
38707
9510
61300
76
15381
73040
19899
868
2864
17855
19665
60253
4747
33674
1743
66708
8300
36616
39204
22257
41273
27033
390
12
28507
64353
2074
13338
102
4547
2077
66558
34749
994
7653
238
9962
15447
12072
1696
19204
63808
2475
73694
62651
26183
8850
2884
43039
53857
494
21716
6352
67453
20254
53826
52814
5080
49518
12637
25876
66485
67190
307
12980
6124
71773
1140
318
37831
3473
9961
9607
98
31138
99
20692
5218
19565
69890
2714
37420
5673
57636
62284
13070
17955
70124
9794
8299
8781
1067
57011
20609
907
15210
66793
4424
59451
22236
320
57838
11047
13360
5731
61500
4995
1264
3443
25300
53253
24
42045
28866
571
477
72123
11328
24573
501
33009
12114
12383
5726
17298
34976
18220
771
240
21916
31039
55654
15
261
34418
15
3270
14723
11434
32605
53253
5424
19845
5234
16878
3850
3495
1982
5855
28580
20886
30539
44716
4260
48576
34245
500
10593
322
49338
10104
63521
40056
42743
226
4671
22954
39801
747
4929
479
59651
10506
1084
8399
15067
41254
12364
41096
3401
45339
22940
31741
26065
7567
49220
53527
481
856
57505
8661
28699
9541
38318
55241
23088
10034
53304
3611
11247
15470
19924
16515
88
34692
26556
17718
37238
37252
28373
58644
20195
34989
79
10510
46622
51308
10491
258
10087
1939
10931
415
203
31079
19780
13985
55849
43877
50086
289
1258
797
34168
42583
43914
52589
1793
5288
2080
22790
21401
25471
37676
26
14966
9161
11255
5106
6640
20028
1491
40508
6570
3529
43919
15776
478
9311
35556
16851
61616
2235
17828
3499
51180
51059
49402
3802
9683
12524
35831
19425
3985
29899
6163
9959
50964
48119
9254
3733
6828
42331
10826
68203
14113
56417
7210
5317
1585
8739
27155
4267
25
15100
20859
51755
8330
903
108
76183
1194
71989
4451
54178
728
363
9392
48889
100
29797
19022
17451
807
23881
805
1767
6424
1036
20373
8739
9107
57930
48395
3988
32105
32712
29476
364
1959
12700
4938
27253
15563
1550
58183
130
130
15672
38482
4093
3890
12290
71100
6160
13880
1854
13702
16093
47429
41313
5841
30289
1250
10797
26571
40894
33749
655
37907
7956
62740
21221
2675
2072
9096
41856
79
827
74395
16010
6225
9300
466
37023
651
215
18166
59819
39289
61100
31401
15920
7696
17965
17532
33140
3905
49318
6316
10685
68028
57326
13966
10807
19298
1109
63464
64909
6105
13150
25719
7316
62712
271
21334
2428
19561
54753
1831
67251
602
43132
4405
31341
52099
45756
9789
59332
8274
20159
12963
68302
14756
24323
2864
48815
51469
6079
50052
4905
48755
29959
44728
170
30086
9327
14193
7297
10931
4703
91
1
76
31685
33965
19874
40523
31099
11576
12104
213
5979
888
19601
1855
23185
30895
23892
3398
26290
2635
2630
7321
34741
1815
28117
32750
2705
7229
81
16761
1152
6365
13012
68256
920
69046
17360
41337
4550
56868
3
13263
13915
5
3080
9516
16311
20075
26344
19269
21543
52202
3684
15396
1784
3004
19187
433
4493
632
34695
34472
58300
40244
26594
29520
66360
19886
45008
49432
27977
13749
49084
27
2866
27456
56918
56010
51632
27402
15817
13506
2635
4531
56829
58691
10138
25052
57323
6691
10508
10976
16809
18300
10752
4867
21325
54962
24997
11718
27343
10091
41093
68779
13278
6249
33216
38246
649
22520
2750
68714
5554
22407
61337
12472
35673
28264
35014
37594
33636
55062
1049
19862
66688
74866
26471
65317
15318
2409
44486
9825
37207
47161
10404
46979
52072
40732
25712
9206
38494
56098
382
62659
33942
28912
58555
58035
38703
7017
27489
41446
29795
2635
17060
7617
10797
17717
35622
4045
3581
12976
2467
23227
1674
3968
56983
9031
45033
219
50034
8031
14210
411
5804
27130
20703
51058
25008
7357
2964
2829
3556
15827
7683
5813
724
53153
3848
10853
25316
22817
13170
1346
1630
41960
1251
14543
64779
805
1208
3388
4049
3453
5879
69146
42656
38796
381
27902
17301
61232
61407
13518
24816
968
2134
49536
12823
19512
4239
34929
1352
74013
28935
15859
21120
40918
21684
23753
15636
40354
9293
2534
73930
72318
5592
29283
6300
65115
35043
7523
25684
45434
49383
15647
12102
49610
27540
4290
25284
4823
24826
20953
62316
59988
0
53184
26098
18969
7693
32127
4548
3716
555
104
25307
12203
446
50669
12910
27941
7912
34937
66354
9056
43905
5718
60
26329
3762
10349
54997
16201
525
22799
18990
7395
11633
2171
39898
25746
2598
15730
11636
57870
12467
47413
1302
108
34493
5114
54909
14001
38187
9216
14878
18211
28752
7364
26266
7201
6767
6179
70106
8360
3314
22334
8864
9207
60566
26823
9276
23153
74942
4779
25477
2595
68067
994
21447
18162
4330
48938
12709
5470
11722
13468
4035
6921
28277
42583
36311
29844
245
8986
18485
1062
1036
868
11279
1969
34749
18541
31547
32582
23397
24031
5085
32100
16882
18615
1890
40159
57942
22437
25839
49153
5092
6426
8806
31897
41788
8210
575
2413
10166
59122
27741
4524
113
6643
33571
5011
837
21765
28311
7870
18003
71381
5963
1346
9517
33479
12294
18399
16508
6512
25700
25689
71273
73624
32356
7801
17245
56633
24408
10645
6560
11415
10016
26161
11039
31347
4374
22846
58603
18675
4869
30044
5475
54367
45129
2833
17333
217
4941
461
34685
12598
13633
11744
20657
24198
3008
74024
6147
18624
28979
71871
3033
29183
7876
10689
71671
50061
27291
35632
6264
9737
54209
35611
9320
1439
11491
7904
18067
6059
27696
36449
47812
58079
9752
63545
37723
30330
20444
5637
28940
19399
23460
11656
75245
3378
18646
60288
4915
10959
39817
0
13668
12886
36038
10364
23048
33
5050
4441
3305
59522
5137
1015
8977
15660
11859
8871
69009
3436
34232
14587
21875
9839
31748
4634
20837
5417
65136
33026
20592
48935
21669
77608
9843
922
1845
1438
57460
46466
43948
45863
54614
38054
57392
2557
15717
60911
22079
21140
48724
49584
12066
29016
658
33
35055
5466
2714
28702
36712
19261
16409
7861
12465
1910
8279
32395
48487
2285
36057
65165
3581
3305
10685
55
44971
30097
23472
11827
28596
7507
8748
45135
5154
37543
26775
70572
42083
2484
20127
6737
193
3759
37446
59748
8142
294
1760
4214
2937
2073
25205
24364
34895
59098
20243
35813
37025
276
4295
30817
8701
6394
52535
26928
14918
6768
31776
39860
40614
50566
48201
4844
14005
8776
45630
10790
32028
55028
10173
28712
39450
32662
1303
43319
2492
2931
26356
13304
34754
3979
2614
21241
53650
8794
169
6121
27112
18318
15673
6421
7681
5911
13407
1406
58202
61636
56306
20754
2168
8153
55978
20508
78088
8161
66369
32782
4516
8254
15656
30213
7866
52869
13256
5540
2395
40431
10573
4752
1079
6909
35744
66
11216
33296
59787
16399
12438
6264
11104
17607
10610
17640
21047
33084
15216
2645
17533
58385
17315
12488
425
22085
530
315
9188
62442
26037
3166
13529
5477
1243
40767
28052
23381
3863
32780
33685
743
57353
16063
1166
22664
65237
41785
4416
30686
20945
67310
328
18514
26274
20128
22189
31919
9148
25454
36933
34736
58341
983
1366
17128
7693
1331
65866
15865
37878
4697
1307
30697
9142
20568
59815
72761
1102
3476
38850
28763
19742
36480
39173
1886
53845
32145
39443
3507
42126
9290
30078
420
9578
27170
71514
1853
38244
59060
16624
39683
25751
33645
10938
27466
7321
17313
10723
7995
16791
11205
108
54750
48373
17603
46793
29799
8154
57958
55979
66936
57020
35811
9801
34104
49925
58097
37107
31510
1609
13532
1835
708
53273
77600
55866
41813
23323
4267
14761
66231
28679
15001
17331
1795
58662
73498
16458
21540
74572
63166
49154
37932
15482
14735
16515
427
24187
18936
33004
30154
1307
15320
68808
7313
54679
11041
19830
1752
57683
28862
14480
4842
3738
587
55656
6622
73021
16079
67671
7917
48826
13303
30762
21735
8697
40279
50535
964
31618
4034
59026
5780
39524
43242
30613
28722
30591
23430
4550
14369
573
54994
105
315
6455
683
1827
11673
11215
48386
38869
1108
7233
30114
253
4409
12293
477
28579
7715
25466
57745
61043
36968
15118
16386
46879
33273
28338
31047
40099
464
52526
27954
50498
32130
262
4986
53764
35397
60663
40135
1222
3605
35239
202
579
23364
33840
8915
6819
29109
58787
36268
10722
16509
17548
45921
32188
1798
33000
69439
47764
41774
819
13370
759
1399
411
11104
86
1210
729
3704
13994
15217
5569
17356
3346
72182
653
38323
9424
5456
70584
1576
15486
59748
25511
25484
20460
224
18858
33408
38518
40729
53255
12177
14733
75621
14136
29103
46251
17221
18891
1973
45380
1994
47857
2142
60
26430
47053
22747
74946
33328
58903
24532
26631
53996
2374
39579
3551
9133
50382
637
17109
1776
34252
7186
73502
3108
2838
22427
10507
8086
9142
18618
65804
18156
29373
12832
8961
3067
24207
50441
65068
32436
9909
37209
1410
37763
24156
48190
10680
3642
13253
322
31339
28117
2154
27239
2515
56930
618
4000
4313
44176
28830
22548
74230
11940
10386
14106
42126
68071
23192
45470
12684
9060
1
45635
35321
63602
30686
2074
32427
29916
7247
10315
15319
230
55023
316
1822
1243
295
4851
1912
67344
8097
19811
20581
72271
1325
11544
21129
15571
579
68832
50715
57463
11237
1063
1660
939
10978
3975
44207
1104
65362
69480
77330
3
5814
74464
1
25041
742
8575
520
4420
14158
37503
77106
60764
9995
62258
58349
67283
41051
2022
74007
217
24395
4757
15692
2667
11275
10037
10728
24265
1885
438
12839
24153
4130
61538
2377
47877
42511
38493
16457
2230
15786
67253
2036
41565
20938
11572
46647
41152
27681
34873
6337
3644
73090
18506
21622
16010
2296
7621
36998
52749
37303
19506
7834
15077
1104
14387
836
1307
4480
59189
3507
56918
71
58575
35938
44762
52859
41623
13928
1412
31775
57285
3694
24121
907
4224
5388
4375
2088
65418
5925
36896
780
19647
60562
1163
24
27229
2076
43319
681
26796
59060
72265
72432
9860
73463
19778
50698
255
76122
7812
5499
4620
11765
2866
17948
63877
33978
620
20767
49956
14917
30355
76200
43188
38631
44294
11422
24827
16060
25553
281
16075
2469
1289
71345
31745
48534
133
10633
15087
40676
25349
346
8954
2243
14403
40180
45065
13701
48180
30617
1059
50505
13166
1393
70852
5030
22753
56362
25661
72279
22
2802
21115
15945
12907
56394
8278
566
13182
24131
1669
14283
69918
27482
47230
12454
41007
46488
71131
18725
23829
19016
40653
2993
43659
72300
20123
8174
46908
19312
4748
27953
14838
18151
39907
28876
19752
28273
29973
6486
8250
64551
36501
6379
11899
50052
1090
2880
66778
57236
2467
33307
1794
40746
15330
1123
11784
47089
44032
9058
28354
35812
1201
2650
17810
9477
8423
4735
27563
252
4424
4033
8494
216
33618
26545
1230
4263
19587
258
17866
216
27
2658
58519
26778
48552
2086
33524
10118
35219
8448
1304
32738
57939
31472
28511
22658
11358
8506
23902
5723
63927
38434
54821
12791
5663
47407
1430
56243
13191
33010
29492
60907
66332
9909
157
6415
116
42777
53387
68510
48249
53912
21490
33291
41864
46265
72548
20139
48483
11201
6200
35388
66802
35344
14013
58860
22697
34675
18618
28019
68099
66856
1798
535
65316
11655
45448
21304
9757
45252
2672
41812
7733
22771
502
3214
8589
76557
62531
7213
2301
24491
1457
13801
137
5965
26690
1662
5688
8560
71881
22191
2626
18123
55671
13561
16630
390
4288
48189
32228
69295
36839
25593
12893
501
1237
8740
30923
17958
34748
41511
14167
26825
11290
27290
487
25797
36034
18654
30664
3436
11561
26143
60580
1153
23330
6169
23293
32291
4024
28348
37662
2929
30101
1141
52699
61409
34583
35073
28193
10507
29937
33055
38366
64075
8592
13189
4870
6127
14099
24712
46648
10205
9564
7349
9705
24396
71743
36060
43714
29835
1700
24126
2424
38296
1201
50777
12047
45211
41970
25275
49209
7850
37279
21942
3429
1458
42735
7127
36979
13873
22406
37577
3997
4635
77561
7234
29618
68690
48840
16899
2558
65509
23517
7471
22170
43771
28243
59803
1283
10277
55363
54448
5763
38588
3411
43763
19631
5492
33445
1546
21945
288
62974
316
7292
338
61466
5880
41579
780
8423
321
16329
32672
45734
1503
11367
26389
19445
15315
21580
10908
2438
1548
20622
51236
965
18898
30370
2458
7801
6479
15205
68292
12187
2183
45851
28794
23522
59817
28037
22155
25976
23227
65532
7240
37945
24682
1095
44097
28095
39414
23943
15220
3928
1980
38023
67101
73988
39855
20755
58230
15366
22902
11912
35913
30957
7424
5996
54813
12600
64825
14234
9501
907
13918
59310
2906
18157
50765
20507
40775
18489
15089
16682
35344
49339
53533
13020
6704
36157
61912
25782
7326
16755
7218
25274
55924
17653
8453
6499
169
15407
1826
5848
2255
3353
61945
1890
3592
8328
26691
36758
125
25280
1859
5275
1402
1
18342
3755
30078
16552
2759
39073
6015
10931
38217
39906
41604
55077
6758
31880
2039
1527
68737
51662
61228
19419
12846
215
198
10783
9981
40886
43684
19648
30559
45845
59780
33237
25831
7777
48026
12368
11817
15439
60417
11182
25052
5592
56389
26146
13746
385
8888
15179
1870
3719
66810
56433
21007
19705
17271
248
9228
36285
391
27530
28746
52402
60897
70463
17482
22181
36632
7480
5507
4277
18452
31286
168
2040
5
354
31535
218
21396
40349
2820
23163
24335
27160
5799
33028
53210
19
54591
1847
2075
1655
40869
10833
203
1864
26008
66933
197
9442
9527
2077
15616
23146
57181
37344
877
63502
62258
11255
29077
8452
14419
4431
27027
2482
24877
41161
24350
18795
32583
5264
13621
16662
18652
18533
21668
5869
1791
34673
73685
36225
32105
18956
36208
8794
41864
8684
36388
55658
325
49914
5553
3758
41849
3337
7170
8804
1465
463
2985
2024
327
5234
14754
7522
13911
57181
52750
15544
15567
28097
14098
2809
60
26204
1269
68800
51232
18051
22235
27200
22159
6417
21644
25239
32130
3577
51215
49935
71196
31270
56574
1011
4
33102
54428
41495
35814
3928
30767
4749
19027
14531
8086
175
46831
5947
62441
25269
17934
47921
14246
2244
76717
15646
537
3637
4094
49768
33966
31343
33116
62564
48107
7349
20777
37159
5334
8120
57812
1068
2946
156
26434
2599
1059
174
7863
16215
5973
14733
3847
7924
2483
47476
6798
306
67737
30181
40606
32229
48360
5732
24568
9103
15439
1164
2896
20038
34468
9213
1362
25220
21186
13475
30841
75250
525
8409
279
4198
34810
8916
71326
4042
895
6570
66976
41805
11882
22287
321
66534
16921
2022
13621
12549
1207
10140
14592
32067
41746
149
47674
28970
4123
12743
15572
7172
4311
50926
19585
20784
23837
5401
6418
14150
21725
45864
49761
77020
36639
61857
30472
4404
12575
28726
13805
21953
2484
8454
18245
33336
898
4920
22866
54110
53762
15637
61445
19101
17793
29561
29
233
4191
34243
54173
39429
11544
54359
2112
17792
3656
471
45863
28439
3441
3707
43759
61260
33277
69332
8215
34971
54100
35303
5456
624
16956
40993
1143
343
22247
42075
520
52942
9465
39817
240
53412
32331
41216
29373
73925
0
22086
9230
20671
63254
47629
13126
294
47369
19905
35349
11449
25397
20164
38648
44491
34350
5534
4487
2669
41928
57713
559
4703
1551
16662
15709
7775
25637
11216
1994
66846
26289
15180
61260
5800
8332
7373
22059
67363
22536
19495
7985
11820
13854
43095
33077
4198
13374
498
28777
9859
57314
26920
16412
44033
14498
24631
18182
2496
53202
69255
2431
7588
30496
5630
2077
22923
13749
877
3255
8309
38966
8796
8121
49678
9197
36324
18324
320
6073
41410
1127
5037
36071
7019
32549
4266
28531
50686
11773
24436
17054
33518
26868
190
5101
24089
37950
48361
8927
12049
33677
52823
29344
28512
3325
18261
6358
60019
39291
12850
11036
19106
38236
55183
4355
50384
26899
49246
50670
21268
62494
9018
23378
25910
1307
53581
61364
7881
5823
33740
1011
20325
23201
7381
27598
316
2891
25568
4973
48747
180
47054
37889
6676
55239
33842
5379
50326
23813
7631
8354
36856
12915
21581
3712
25685
7260
22222
4820
3641
26024
6706
54804
17001
14233
20944
16029
92
42422
5679
61672
15656
53289
36498
28157
53304
7830
190
16189
9712
43282
28304
36159
47235
15544
14600
73423
26350
4084
9068
33818
55622
13021
56129
7070
39334
71815
18551
12843
34813
37981
29065
6581
24857
822
41595
30035
24181
18828
2438
17184
47137
8537
39871
2635
2755
63083
16521
451
8437
306
134
10
10558
281
42715
31792
12491
36178
44637
77561
20279
4191
10517
17709
48737
927
259
7793
34204
2923
11515
1137
6696
15
20961
17679
3199
73358
44712
3897
61322
4215
16726
13527
4785
16185
3882
1204
58252
37499
8122
51077
19037
13084
6323
1523
33838
6611
27309
72951
20914
27294
8004
2419
14133
3572
28997
1608
50718
16830
27959
282
687
560
6504
8347
3019
15205
12648
6069
15598
1206
41197
5379
27585
2455
6012
22090
52406
23472
15346
13634
6912
23730
1574
24
36614
22333
31481
10998
22219
288
37096
47901
62325
39295
20971
50150
16289
2239
14877
48530
33605
856
16992
30539
33650
4422
27701
10272
6007
9415
45594
64376
7668
215
33919
5648
34389
65278
32505
56953
2851
1018
1168
27834
62876
12595
48675
16908
64935
26104
5443
25080
46623
66813
28037
8012
702
50589
52419
29368
50842
27768
179
5513
1623
14193
2372
53258
9236
20932
18817
56869
15
33630
27307
70758
53189
8401
22825
35292
57229
28112
13052
13888
8977
51126
24526
7236
11659
75629
19659
10822
23942
820
115
30588
360
45471
1716
65136
21371
62638
16513
2251
45649
32218
57064
106
13091
25146
7357
9814
51429
13
33315
884
69416
9861
16899
43056
58897
374
10264
7747
48865
27748
49786
4519
25603
32714
33009
6142
31888
34488
28537
47197
467
11107
63203
7959
2870
22505
12197
1284
22492
36742
50001
35174
1390
10483
32207
70579
36492
19041
25286
54751
12620
14282
42337
33457
11975
28475
12382
44
30289
36319
10835
33677
16543
44002
70214
2528
53931
18394
20293
5203
17679
98
38098
1632
32085
9957
73
36964
43298
2440
9507
12947
31695
31033
62284
27622
65563
853
13567
16837
16324
38646
29615
34224
34160
7893
64058
24316
11209
15785
64091
66260
4269
3943
44377
48916
35054
1100
1786
30650
51355
34733
41334
2560
12846
10257
36003
14560
44231
64478
24482
22744
8646
8576
286
5073
44010
24348
6617
2940
18446
19176
21277
37760
40199
5
258
22382
20749
20062
4030
25271
23839
14234
40046
26049
407
352
32782
8742
1758
28800
1191
6616
1660
7066
11472
5657
48365
17326
12685
13452
41813
5203
33311
30578
36261
43603
3408
21649
2908
58884
15533
38246
21632
74146
11357
8250
9108
43985
11092
23271
8499
47726
269
74
25748
1324
793
67645
947
12828
39182
20754
21596
17154
32470
70243
133
1993
24452
6906
72750
20557
16307
48325
270
1650
1717
51782
3014
55262
51161
28974
31910
21971
46324
901
1253
296
63548
62003
9659
50658
13174
12552
31112
9544
47275
1312
44738
73619
53233
218
64126
45941
12923
66138
42100
22389
52223
31618
6617
53280
13749
28035
25174
32230
4927
23534
28176
70204
61027
6764
18404
549
12668
16689
19279
26289
1713
5812
15681
46809
69968
3798
6820
3227
41772
729
299
7650
1059
19861
8741
35288
6488
430
5
385
20462
4406
1391
23307
14270
15786
12596
544
19241
2419
1601
51093
44196
27995
896
9401
77069
7240
2866
421
215
10561
683
55583
18326
19068
15952
5903
5134
41956
13329
19378
19771
52470
18912
25772
20217
17314
18380
536
3299
982
78038
32054
35008
24126
44718
12103
28253
7702
27254
4451
17356
11810
30523
33053
65538
22369
16189
938
53290
7411
32849
15153
38631
23718
2027
43798
293
20795
17025
23249
7328
19852
48895
507
59888
4469
32051
2956
9528
37788
37156
75
50202
16662
9476
31394
3713
8031
19811
19001
50442
58094
55131
35025
41509
58533
35204
994
47498
17703
42093
7
25263
16199
15670
1138
64123
54344
53586
40742
30363
13368
55310
3144
24586
5547
5786
7714
33543
1105
47122
36095
18697
1441
3546
27264
25383
8157
13259
11197
57799
24452
598
17793
71814
8468
56771
1928
40457
25783
13128
5337
17959
13738
68075
57995
41405
17153
45592
5689
7127
44495
64479
3446
40563
3358
27601
22729
34971
179
47899
73077
10086
41625
12680
12983
41737
10161
13382
1807
4400
75258
30871
66831
259
20168
17661
818
2643
8437
1286
35413
21971
26124
70853
5585
15561
20009
103
56900
45273
38501
11918
28714
76876
8625
19076
52242
25959
41551
41804
14789
46158
622
174
84
73256
53632
22211
27856
25
43438
9324
9790
4168
47339
3389
17153
135
10274
982
46770
5190
18474
13123
38854
31570
66165
5685
53240
8973
4827
14011
26094
20979
70853
36030
35147
14724
13830
63210
42226
29037
6409
26357
45976
8460
16068
827
48509
29347
24538
36545
18800
31755
42195
65292
8356
13135
22601
29015
14512
16412
21529
61989
2853
35592
20168
70755
1903
28395
72760
4872
2516
1460
49690
64020
70316
31377
42075
3957
4943
20
3997
4798
6819
20294
18800
37417
26639
15031
18271
29353
15586
15038
11717
1
8097
52721
304
63424
34148
36616
12698
34771
19618
42413
22170
8834
31856
60852
7795
13
10034
51958
29346
33881
5371
28105
30854
13781
4059
58242
51
13971
11128
55381
15850
59559
5586
18544
37238
43320
38507
6738
42660
78072
1006
11259
38835
44698
4658
528
28494
7532
2763
30850
51780
35950
1921
20780
25501
2431
786
15
53608
42126
12119
7
21984
37568
75009
14042
47740
28376
10056
3694
9173
15587
61287
17159
42712
10827
5794
5207
18408
5913
12620
29595
13165
53248
30074
242
1575
2870
71326
746
27670
1776
30978
2719
14085
4859
6041
9247
58385
38415
2483
1673
1249
1127
37725
29736
42116
887
47062
5912
2289
12868
8721
29700
744
3733
53202
4931
34741
16009
8572
733
610
2124
20196
50205
988
44497
27036
76520
8196
20525
1622
14622
41547
40394
18794
85
18486
18031
65294
12064
8616
539
26880
104
74370
12778
6331
9861
10582
38502
42093
6883
3126
41683
37521
21970
75235
26528
73119
7804
1726
8980
19203
33522
5244
44066
39
5665
5579
1862
16813
3176
92
6357
16890
13201
39242
21763
66482
4679
3185
29354
45903
6938
51841
20817
564
8502
11081
1562
56865
484
36506
18403
2396
4060
127
35951
57137
24287
25397
3967
23025
40844
983
7007
8401
22431
20462
40428
31548
42863
16805
1264
37982
3649
5569
56752
8187
41203
61617
27964
15093
9866
47570
65321
8148
14310
529
38054
22436
13
27300
25905
31944
15043
3207
40550
31941
36756
3260
27364
36637
12053
28444
7108
3985
22472
21915
4786
29576
65856
34356
26871
64779
55568
22924
67731
38054
27284
23544
3907
12521
11371
61616
2638
1038
2504
60136
39610
66165
70798
28932
10485
27776
19922
18114
54994
52392
10848
3513
6640
22177
49281
23296
9936
14199
16719
58860
57190
5
47643
20324
15159
65046
12079
15452
43261
16245
38236
44796
1096
38604
4401
31578
14233
1166
220
1013
274
72464
48106
3632
1384
61955
39065
37635
5665
14893
40108
48015
7354
26481
263
23763
19217
2904
0
97
37364
70720
36123
57144
11720
11655
467
5880
49553
4136
8579
22901
18591
22896
17251
44541
47466
15191
34240
7899
8960
56482
85
829
12391
763
35899
7555
18359
30359
22650
906
10076
20611
17462
7282
7042
8291
22942
65232
40248
17321
13157
61438
13819
72687
20784
42558
33636
39438
49139
19469
31001
26999
329
46163
33759
20497
69716
5795
26267
74600
7496
614
42807
30223
39507
17700
36733
84
37951
7043
11703
14058
7628
64060
451
22696
42959
56828
6094
8261
69639
62863
1064
5550
13078
60830
1505
30793
38799
28640
2615
23123
2813
5539
14812
15665
27982
11601
20138
14696
14520
20525
7288
9997
3650
18055
63606
59245
689
30345
1880
8752
17151
2019
18626
38879
3422
24431
16571
224
2117
47124
9692
6998
3124
17828
47237
33566
15482
57197
15261
41793
17825
13367
34468
28558
17603
49646
50481
5305
13585
4056
1404
67333
11166
11544
2451
57053
12152
3875
18928
34739
43135
21170
18829
168
58923
29738
1272
14183
12436
38035
53809
5875
54690
32443
14249
58
53224
25052
72131
6597
14794
49809
37494
71139
61429
240
508
1963
19934
31637
14684
39
22892
29060
11200
29598
2647
9801
10893
28118
5549
28850
9988
1985
12197
69255
42480
55620
34517
20475
51030
300
33645
39084
6971
18306
16991
39418
8863
10253
47
31122
4476
6508
303
5544
25169
26287
8001
23669
67257
7470
42823
42195
240
54599
14985
65462
73382
67589
35913
44094
2704
12956
8120
52558
18329
13446
4515
46588
17208
43107
37148
10220
11929
9167
71
29086
19505
41813
6137
37
42621
28769
56861
10098
26107
71334
70356
9865
1392
47089
17453
2836
30660
30972
2573
10597
6561
1019
19616
12933
72546
166
20070
9206
15495
42810
25958
4421
16723
2886
32192
13626
20620
11297
2074
16055
6338
3165
26643
61012
28435
21925
24919
252
253
27495
56665
2375
44558
27773
253
25896
10516
34393
56869
6657
11222
22624
2114
157
45165
59475
17941
4669
14655
6885
1960
31215
1529
47726
564
65867
5370
75340
22430
62638
44033
17181
131
4970
6093
28231
39242
37938
15118
3589
2347
11341
19134
7504
1880
2486
54312
17294
16110
41007
34736
2360
42915
42774
42046
8703
14279
16428
416
15643
11528
52830
1016
12275
7092
41148
3
24579
19639
19718
15077
54276
3928
44665
51
0
27161
21289
51315
13500
16868
44386
18343
44563
6691
37708
19947
76645
1
5798
36784
14701
29518
19539
11193
20939
51419
24728
25692
23631
23851
28718
7961
34110
1777
13491
22843
18221
849
24914
15938
8798
29488
66112
18991
43884
3004
1597
19843
36171
19901
6179
60943
63369
43385
2248
13087
57321
4808
5900
6064
24400
5994
45916
18675
1713
42810
12105
56442
46700
3265
419
37761
44845
68
60418
42946
3043
26813
62651
49086
29296
1822
25957
46243
2036
11841
3623
51280
9256
24350
3885
27597
19501
21392
3844
28566
6769
74
62258
2897
18345
37676
27452
16882
19154
165
25516
727
15475
47706
1828
11259
11704
27327
70271
30239
2548
11703
5018
935
6704
45082
36062
1691
42257
13971
29743
19379
23836
5328
11945
45192
35540
64507
25248
67725
38480
5802
18985
35426
64
9531
56767
9840
59501
2936
43111
7666
1023
4162
44471
15078
7366
49619
46273
38480
6161
68735
52582
2475
4425
16058
21117
32769
2717
40779
51171
19102
6331
43955
26038
11184
11927
31297
32403
23361
53942
45864
29696
2506
23608
3263
71358
41760
39921
594
15532
47480
19383
8153
23243
41593
75854
290
4350
61684
25056
32769
65760
12639
68270
13334
35559
9355
3461
374
98
21492
73698
21645
33149
5797
39014
2609
25251
52804
9438
7111
38316
8602
15258
25861
50039
25959
15713
20027
16327
17791
402
1
691
48370
1139
165
47952
12591
1679
3611
69886
12030
7379
33927
4312
68690
14789
68516
9481
10198
57126
45871
59368
10352
47
47030
13082
19805
17648
2750
31048
12705
24167
10563
49864
55911
19556
5696
26914
26308
1792
462
23854
1476
884
60119
4512
32437
27231
3868
6103
20668
52
8722
5909
7835
3330
4123
31745
5332
67859
8012
8162
17077
64208
8374
3177
24451
5317
63006
32
14747
26195
62316
913
7526
11493
7021
9142
6110
11901
13773
12892
422
31380
940
45921
71455
53854
36086
1778
50289
22310
6905
47436
17707
47245
47460
31264
18288
5137
26183
61356
14707
25589
13145
65866
38871
17517
17799
2915
1874
50478
62332
21471
11901
18473
12727
69304
52
9607
31948
28215
6543
74326
30060
24643
45306
10513
54734
42737
37832
4121
65618
20588
4117
25546
24750
304
63001
17639
2568
18254
11881
50
26542
70355
2716
6234
15428
29823
42420
10024
52463
7438
16287
1706
22052
40041
26555
19036
67653
6521
73780
59780
31574
24088
12235
1365
18360
56447
24768
7323
68542
22464
15093
10
48194
11584
6982
1562
2022
35
12944
8841
24205
8470
20423
42496
31314
27497
8107
37763
12372
77025
39466
708
9339
13083
9394
8727
5242
36835
16018
9953
2142
46165
14313
60319
2784
16576
157
30834
3547
59579
1018
17172
2485
36415
3613
21148
9
60337
24997
43647
960
67652
10424
3229
25958
40
4859
66584
3403
39239
28464
28540
55263
26527
518
37800
52414
62626
37039
525
43661
7741
44033
26557
52351
16417
26991
34
21230
55606
16314
27671
19659
13550
45256
40819
70755
8430
52503
32130
2659
21753
34473
72031
56869
74033
6852
3473
14123
19934
15208
2237
58199
2384
8327
6946
11990
20608
2773
725
10081
4325
36808
125
22261
9770
452
521
20431
24826
19663
2108
8600
51934
3927
23182
3820
23420
64
14050
19373
611
22064
47191
43777
3311
12067
65290
66532
8340
34466
26998
7296
60183
3630
31555
18740
1448
10925
92
2337
8850
29587
64183
930
17014
40347
14257
16800
16153
22936
2956
4123
604
182
25830
19718
20041
12905
40191
76690
6570
42234
14779
67571
4071
5139
22801
49864
70474
12007
13691
39461
7784
12372
27519
10248
29588
24997
2547
20369
29249
22799
50358
335
51814
1142
13219
1501
58808
3708
26557
27098
105
41800
8586
28327
19550
44393
24404
49043
26160
25805
27996
6610
4306
24021
3802
74868
18977
12628
2665
2242
2938
4538
1620
5027
50932
37069
57105
29767
52134
13668
22556
5905
62348
67916
6348
24724
10865
37174
1521
4921
2843
106
967
16667
16574
21362
15998
13298
59253
81
10723
46939
26813
262
9500
43978
7683
31111
2307
4498
34027
31550
375
41190
31161
570
6467
3756
3104
16589
1394
38144
28361
10018
39885
9655
5298
24188
17750
40925
54240
11671
13299
5073
48343
69191
3659
18309
34103
18806
28545
48189
947
3832
59705
3689
39242
23114
25371
10588
74355
16063
152
61096
41385
61736
45013
892
1642
15952
31170
2270
34022
5801
2475
3022
49108
22476
749
28093
10236
58566
25638
251
40135
12808
36563
58451
3094
66841
14057
1844
24430
23
28994
5696
14349
35389
3517
50721
16955
72272
15108
88
44366
44906
2787
55471
59731
14376
25901
38818
1291
689
17221
23356
16556
780
4726
9321
22411
35789
36420
37108
12782
33085
46184
27028
15110
46324
1186
46778
4842
62610
49111
13559
676
8331
2964
39116
16465
54917
708
4650
4692
22087
41221
33620
20753
40946
7353
6942
3330
2561
13212
20636
48062
1842
2033
73116
22577
16428
44810
3203
57573
28553
18003
33727
28985
9773
50
20159
14213
18993
40207
34151
47552
8894
2909
28121
7357
5467
24416
30556
19990
5654
17603
1574
16377
1100
4941
407
23669
5604
48988
24089
9161
53257
21725
31218
6139
3149
15180
5900
72773
24031
22943
15500
25394
46097
71224
8446
1401
843
1789
24950
2444
19119
59808
38362
17905
11817
72818
38270
9216
26560
28975
30091
44768
16882
60567
31822
1234
23
38031
22104
142
25952
52456
3232
13528
66956
5047
6475
31378
9305
12851
26997
1231
33455
40
6753
17527
28188
2556
29354
29116
18788
804
40221
14742
42502
16177
51744
34798
233
27089
770
29046
49411
69332
5604
24111
4504
30910
74126
46585
614
3396
68345
25820
40767
55370
23807
64030
8530
1342
978
10346
57184
628
8602
17959
14540
5732
43634
1439
70961
2188
9957
30348
48366
31444
14750
5920
33065
1472
3714
46
7569
5672
3081
4323
10824
36732
40971
45635
44640
35322
23736
3009
1033
1416
30806
11535
3041
19036
45775
38406
15504
10954
46461
31223
53945
40238
63863
1165
3525
52695
61757
38001
26973
912
24475
38154
5562
64180
2345
18439
10886
233
15295
72057
1996
19711
13478
408
76064
18680
54364
54968
61445
5562
3152
585
245
41540
19114
177
23088
32671
391
54751
12052
63877
57177
15850
8911
23368
106
4590
62529
20558
68758
8362
24323
8446
17855
2660
1117
1
17782
47173
16616
60036
6111
53142
642
38347
33924
2745
13014
59060
41310
436
14457
4671
53607
24255
3872
10533
13157
65348
19441
4935
14542
24653
12976
1048
50874
49308
19824
27190
17623
60654
16485
1636
200
17057
33838
20006
11224
45
9801
0
72738
47258
36722
8
28496
37999
1319
17288
10214
24717
58070
44951
17329
74376
32
1890
53941
40562
1446
64140
5062
47671
13059
23622
27754
21076
309
57238
25618
951
21901
8671
957
16956
10033
281
332
69960
10298
18502
5419
71973
6308
10140
29682
1311
2171
28153
61101
10727
222
1231
63536
25985
217
29858
42771
28682
4994
31670
367
14473
27221
26500
11633
61711
4230
7650
66491
49960
44119
35040
25774
6682
4973
58625
19331
35085
34400
21287
7979
47727
726
23908
37208
37277
3071
2248
39722
60569
2336
17941
41446
940
73697
9141
11769
24423
11158
57181
13776
42967
7504
13651
53233
1970
2763
22112
3863
10977
18908
23330
63049
20557
35913
5755
815
53329
16610
613
853
12414
11294
26265
72174
19513
38550
19340
21470
53506
1668
18361
48668
69166
41801
6918
730
6228
11398
37981
7218
60841
54051
22515
17576
35791
8644
499
3831
11458
63662
8320
55662
72279
15395
15692
21237
663
52597
34278
18673
21118
47235
7471
12234
24497
21397
4714
9759
2243
41712
842
2885
26169
37156
23498
4268
3071
47726
45321
52640
4455
12502
35300
275
5730
34203
21677
1120
14802
23730
146
10710
1946
7548
38802
49669
5420
17100
25723
48191
33474
31878
15274
20277
36748
33082
32243
61
13615
4105
9952
145
21193
27917
17127
3822
3398
12073
4531
4297
37252
42224
74250
28781
895
53723
13477
3242
59547
40993
37912
11319
160
43722
25940
879
496
9583
120
5289
17299
16538
2666
19
29731
4626
493
18780
69836
29726
18580
69960
31800
7800
43992
33876
23898
55924
6392
37723
52049
71967
25207
43385
43228
10752
68130
21541
1215
21573
1483
67
52549
7904
10108
5010
12894
59890
38454
38195
1674
1484
34880
38996
41531
21245
55113
23179
40729
6179
21419
25797
61159
1573
4727
3029
68624
8185
3102
3
15755
3811
52583
15381
12642
9963
47305
61409
27329
13484
17708
722
5911
22656
25251
59722
13503
733
38499
49488
54869
39624
20029
45652
15647
13164
38596
30668
46539
34676
26984
5117
6664
35623
2943
22559
45339
1413
8362
43170
4843
15595
5162
38561
2540
42051
14821
71506
60865
52333
44416
24126
64031
20579
970
42011
536
3488
3186
24004
2065
61883
23273
77013
13886
34028
41871
8978
39818
18310
48233
25857
840
42971
1222
42499
60220
15643
70850
6933
10028
11364
147
36054
37171
20866
364
1832
6320
14382
64893
64924
46796
4831
34197
69622
45567
52101
29318
5298
15203
59211
2166
12294
4929
313
34479
1598
9624
64888
12704
36446
67659
20194
9160
10671
56958
35136
16120
4492
19
7979
53608
14700
5777
1487
17072
39799
6445
37489
68820
9936
5788
4010
27732
18605
5401
18316
44
4786
2442
1634
50614
58266
21169
24828
3043
56733
31475
1798
66501
2540
7319
16675
4066
12946
25742
1295
44
25644
43
48623
13182
30115
8736
73013
14536
11
31751
30911
12458
370
14039
23077
25279
487
21853
22795
25
391
75914
4870
363
54424
8802
16420
11277
21835
2238
37586
9391
12029
38016
31618
1651
2402
55469
18991
390
4738
17755
33200
3989
3301
4325
3599
28462
6609
23803
74528
8371
6727
5728
41621
27197
45201
28401
11599
54931
45585
791
332
5696
60124
49624
2937
18805
50357
19944
75198
13969
75508
14360
34460
5294
5559
3559
2690
4015
4784
23185
14260
4494
71973
4396
14818
48328
15060
13731
2375
2937
2383
8351
12017
27893
26290
28263
32216
1162
21371
7428
20995
11493
37602
39384
53114
1889
3657
40935
352
15321
3029
31073
4316
37631
44289
31897
78135
29818
10349
29741
259
809
10655
2059
34963
76753
33825
36046
28427
3139
16532
70625
66663
56753
14192
75283
2584
35625
2632
3370
77075
18096
6375
3427
61349
41059
16135
40671
9059
21673
5044
18460
16805
18240
17165
2034
19193
45416
4257
779
15556
3229
58783
1965
9370
66633
27249
39592
655
14494
190
5809
31743
8399
18319
14967
203
12732
25478
59439
4227
38861
58444
7118
33864
4806
9775
9382
21537
27428
14179
9565
3079
6907
18908
45448
23566
26477
77554
56761
13290
13453
61644
7074
3217
1526
27777
9411
65314
20666
60575
32178
15297
9060
757
49336
30531
7346
23975
22708
20725
59439
6324
52006
12415
19855
10928
74861
45316
31218
39683
68509
37937
14282
75257
16628
21921
124
64360
3778
28669
60914
77404
14929
165
28020
33395
69503
4291
35824
23116
8248
23342
8089
37977
74946
2002
19119
57090
9464
4561
13733
10508
41774
13561
15606
4366
17288
936
35653
1200
1834
32739
15856
15229
23524
7841
22104
70632
27231
60556
51059
22906
1886
39501
72163
9215
23531
40132
1720
2287
9081
53574
33102
40088
65209
51219
10727
63494
99
67
2419
6907
46878
50973
52397
9844
15333
34116
25430
549
49858
11103
10085
28115
29134
20768
18338
34717
46325
2871
10013
160
27784
1755
75255
14931
8078
10495
4864
64030
2344
42847
20853
13796
3671
2022
25060
30544
1929
8004
13825
18949
1026
5134
39560
4160
26514
674
1903
23082
24937
58460
36175
30103
887
2787
4357
9414
66749
1802
10722
18615
4103
30967
6782
36811
13182
15557
3040
38553
11645
2141
7288
2724
6503
58566
7307
8817
2409
17607
18917
6606
68282
1281
22780
13556
31698
33930
280
33634
4504
38370
9207
5087
7271
4156
3458
6973
11711
6248
27497
22098
55742
5107
1735
15058
4020
33678
39050
2914
36707
22184
47901
843
2203
25229
1931
50889
63050
9597
2465
44857
8563
44424
13275
36557
16799
42171
13448
23522
3721
1481
29492
8121
24603
4412
40336
48360
38174
57328
4777
56972
248
17413
14919
65
22372
10686
68920
62274
30168
13729
6609
73698
33081
33801
1484
10843
69960
42489
48499
5363
54600
21541
9548
46532
44893
1197
4054
17447
2423
30075
507
56753
1347
50595
8042
5311
5426
10499
70828
15867
53031
31645
14951
74313
34754
24710
3409
27712
59060
1269
35767
16862
936
9467
4277
56257
3230
5100
1658
2210
21953
20889
1111
15322
51252
72314
46618
60133
37315
74593
44726
54431
842
391
7242
74945
56003
1425
36730
46375
21320
55596
43201
2057
34748
1889
35033
26649
35454
16522
2762
22301
895
51275
4707
40719
22504
40076
4113
19894
10928
16391
535
18887
7111
9187
29552
28501
45247
1165
20119
18144
36598
34009
18839
59602
44378
34429
11781
43095
1018
47854
6161
39173
39183
2296
1992
3015
22649
4400
5871
47849
24463
1168
43570
21790
561
35
59009
19543
75615
32749
7989
18635
388
127
34375
1746
24143
67517
15946
35006
22777
2533
44269
10355
65292
22931
9952
30099
11032
47005
25551
45134
10891
38250
2188
36284
2561
1881
53238
18688
33830
37495
2096
25388
12352
29079
42387
14725
31998
2005
36787
44141
24177
55593
31971
8315
8242
20561
31587
68200
62550
13343
25827
5167
37424
233
24048
28703
939
19612
40562
28556
80
42857
70356
54172
8122
6579
4632
30524
25284
20461
76268
29995
40400
13152
13776
3214
11115
53121
33765
57901
27415
48572
15261
63300
3219
25915
12831
26901
63813
54735
49886
74532
1510
66365
48608
65867
19016
70991
44639
463
2304
74024
21298
17155
7253
2145
34056
15290
822
1275
16025
16614
54386
30660
11726
35
8978
39310
35329
30407
59988
29779
48349
21581
8785
22232
23079
27107
25770
6807
27180
808
69958
9
56316
44807
76260
27170
1007
58069
43440
20702
14526
38985
32524
57904
15069
23207
35708
3141
1479
19506
376
4796
63
57825
42
17746
16948
2937
29791
29007
51
34651
4155
1562
2414
2291
62063
23730
29006
40082
48428
23185
60789
4030
6503
28508
5042
5021
68519
10055
18142
10174
18916
72545
28770
4577
61207
2195
50160
8183
40010
30851
28803
84
42792
23873
18031
44402
22066
31862
7732
15816
8349
194
73789
9990
23984
33772
18200
19143
2537
75644
24798
40489
64030
11788
54097
2142
13503
750
207
54464
10834
2022
11645
124
1290
4058
57242
73592
32700
30044
14685
3445
42183
1134
18859
23438
26242
5468
6860
60
14121
25984
63878
4794
47417
64154
36952
48626
4437
23693
9339
508
8303
15823
2177
7723
31851
2274
3573
25814
49808
900
12983
30914
52447
14352
3130
5127
7617
1278
32809
8637
30290
70549
35041
1686
52024
29742
52878
58322
11067
38055
50462
809
31837
41673
2077
8162
409
13201
47971
2832
17895
31607
2785
6303
34182
47201
12655
8978
59090
818
63881
17291
13913
42029
6765
5336
2054
17343
44
16925
4803
5392
55924
65945
1947
65538
4919
14745
73698
17550
44465
22256
12360
42239
653
719
8189
5659
1407
62237
6878
3291
1733
59815
18732
284
15575
48636
40153
12689
39113
9402
539
44014
9137
20515
22698
32203
12446
166
703
50162
18508
7553
67741
8917
2547
15741
11857
20022
49414
66366
14797
3680
13627
1822
27778
3310
14154
36187
16956
8887
19172
7424
76998
69009
6463
4673
40079
57036
6994
40806
15111
48026
25111
689
43068
6044
23566
4705
892
21997
15408
36449
26606
28788
51699
44699
7542
23191
39974
51030
3436
549
15029
45535
4231
1462
15802
63333
1343
10455
4976
24028
12885
29151
44607
27305
12402
23909
5864
16711
12628
74
35013
7174
39489
13782
4716
7003
21177
8285
35552
6232
25730
36922
52207
21887
38311
21089
58460
17363
9208
5424
35196
1840
10543
20186
6673
8517
5
20318
46277
4510
42063
11681
20297
33952
23116
23
111
1679
4642
700
18031
49443
10235
37586
452
27623
15567
6829
4330
6831
87
31616
524
36320
21176
3282
9213
44815
31636
15350
48557
5797
32228
51780
57741
19988
20645
22543
5730
25172
56869
7427
62106
71381
2889
27302
3698
21863
7794
6617
6401
7052
22923
3823
35519
3100
8635
236
162
24102
38236
2426
101
36909
35395
630
39941
4875
53449
62302
13175
23629
18977
3215
2739
25304
8513
42978
23706
13367
17911
9319
50344
70853
11126
532
73905
43039
40923
5093
9009
3992
37684
1086
46846
14513
1902
8184
186
3943
33155
63868
1534
22842
28120
54704
26891
40263
1758
53114
66855
25541
11773
415
4149
37058
75661
29339
15944
60198
34335
46434
61443
46166
38708
1184
6352
16657
43962
2449
21710
8781
40967
4417
66569
22909
1959
9915
64764
449
273
455
3585
18045
16284
59986
5616
1342
4941
57438
17206
35324
42966
7186
48632
2400
2760
38823
47399
16761
195
47377
46643
18402
62792
4630
4983
34115
4932
1059
38501
32498
23556
2120
2401
14422
14121
17905
22906
4103
22797
9263
5413
16790
37989
750
28818
1501
30350
3874
15022
4058
13442
4
9472
50259
58970
1890
18607
38086
60036
1392
36601
3628
48323
31004
8864
9877
63526
39121
8963
8061
55946
19419
8249
15081
394
5058
8819
16922
26983
6633
64276
43785
9134
328
10029
13179
33734
45381
16802
20127
7583
50550
4642
18129
70469
11828
1294
9000
6060
31449
5064
14511
71687
2532
28715
24428
1750
3476
20846
66075
30921
2624
233
5910
63131
49893
1736
424
2270
14794
32426
24297
24607
33519
754
293
77
60863
21709
18013
65686
13482
24180
6283
58787
22706
6305
5375
16637
33513
6819
54829
6675
6109
7703
9198
59598
952
12250
231
18763
60567
36285
5630
6192
18666
10336
37739
72828
1362
66369
14907
69018
2211
11749
3017
69432
24091
25237
9700
75125
24539
7494
34012
24707
57210
1852
26902
561
37640
19892
27827
22796
7473
27015
20851
26446
20267
51921
4469
509
48759
39633
41427
18731
1461
6237
20904
36731
10378
773
18319
7801
21359
56868
19310
18178
21471
76576
613
1806
3318
27647
366
38509
27214
21380
58384
39461
5856
654
2975
8921
134
479
29183
3033
1170
4930
15357
9647
48107
64091
61048
49093
5207
23981
12414
12870
54616
752
22710
5674
2613
31403
33274
2224
12858
21841
57868
24609
45564
21661
3760
24631
59257
50926
67344
250
14657
2205
28534
53280
49322
533
69646
1176
13961
27776
9251
39962
62135
11982
8926
12401
55772
13148
20847
19154
39307
49964
63730
366
5307
1574
41812
43889
17855
56741
1704
42744
34805
20684
19919
2960
6785
8503
16
493
10374
16972
5074
6795
1816
44529
12731
7109
38966
33100
1293
580
36513
13132
5919
53214
28396
16353
21471
13720
8450
56923
47860
46413
6439
27516
4081
38270
3167
853
2184
13077
14349
14781
74418
60846
29272
16670
34736
52430
51
29589
67706
31633
16670
8090
9337
18310
689
64798
4047
14489
12702
60134
70676
356
2737
3061
1383
3814
68330
16661
75782
592
26871
29717
185
17892
3544
3737
621
50977
40266
161
46774
622
220
19679
28678
28672
51923
16120
28232
41529
6469
45434
23680
51161
10781
52261
53465
2438
26056
473
39472
53942
16292
7892
31116
14654
136
26435
58674
2916
73542
33293
20295
1198
57866
4783
23614
65614
6398
2982
35329
10697
6279
12492
73350
30989
10977
895
26940
35496
6820
59799
9819
5908
13446
73189
38899
41376
4122
4993
34319
30034
7092
2832
67896
914
17138
1639
20253
53848
22698
33543
10051
21538
1956
2186
4736
16234
31896
6641
75518
21964
47143
2564
3465
8014
8343
35552
4972
52821
61937
21910
9448
506
15357
27457
1301
5060
74684
53959
8422
77527
21981
8635
241
80
1097
42093
27989
48538
11311
8536
59189
24781
46545
75625
11518
61048
11301
27681
3636
7989
33816
2324
33819
1782
48920
12713
4793
33764
39713
4134
18674
46317
1877
49693
8368
67251
20791
3476
80
23303
27273
72212
14892
7809
1963
11221
57417
26312
1716
4097
38997
6351
2083
16313
6329
15041
1890
56388
4458
2664
67697
70657
12090
930
19963
23
62964
22929
31652
45715
1622
3489
24994
37881
4668
1339
249
38269
15463
9501
16432
40122
16646
4398
227
36708
287
68920
3537
6133
58458
43552
53
23625
29151
4778
2215
66834
10704
58079
71992
20198
31618
22275
13641
15733
58999
19900
10306
15572
861
49712
52087
17028
58299
18845
18158
39033
1299
25492
878
7887
3702
31031
1065
34817
8238
28376
17655
18491
33971
52499
38183
574
27346
1654
922
1610
12166
27244
39210
55816
46493
54428
24618
2424
25929
3248
68363
1789
53645
39288
13812
1336
1033
52982
504
26531
32012
5388
32022
5047
21342
5542
50121
7500
35995
25990
6467
1138
28786
38053
60307
49254
19560
2473
33198
58753
48028
25205
21836
25536
272
48390
3530
64343
10300
8893
27914
57383
1073
59
58385
9453
13488
71327
128
47295
4
64963
39096
7914
12183
6922
13621
24450
39053
3498
322
5303
1700
57433
416
30183
27030
62989
1067
13715
17412
35842
22539
66883
1829
31378
44684
16892
7857
30536
25753
30
19376
3840
1194
49260
1798
4976
20298
26639
70316
27410
43492
5637
16435
15580
13617
3996
40283
67322
7055
294
70284
21944
40403
413
47800
12442
58426
60502
32160
45012
2101
51037
5563
102
59584
44202
13462
17088
3100
30134
43122
3868
17516
13138
51984
28908
57135
37192
25157
17
25191
1677
117
76245
41230
4653
19947
10732
62288
24180
9010
69295
19573
15968
8674
36856
62176
9542
3234
22251
405
7216
58988
2829
45521
39937
50873
1985
352
3243
10889
16
52778
21840
21214
1049
5197
26954
49480
33407
248
5360
19909
31801
22238
35384
5236
15132
516
61715
48783
42376
6156
17654
41858
11737
57302
127
52567
57263
2829
47878
28808
25093
723
64160
33565
46438
9737
2340
3113
73940
1979
29281
48349
1268
43777
6470
2000
430
1027
36257
75904
37353
33975
48538
54736
29603
37709
62258
14969
76268
10606
5421
9973
17630
7013
18699
3595
5060
51706
13598
16048
72681
2315
19997
39210
46850
14113
43645
20888
13215
26436
4945
30321
14248
8459
15075
23213
51886
59373
28454
36423
59042
38453
386
11186
11945
16112
17363
29440
901
16429
6633
25324
18886
9589
27939
26143
55239
40312
61622
11508
11069
19470
62572
26560
8308
3332
35766
47
730
3426
9093
9666
5456
21975
1499
57085
3748
325
3375
20539
20330
69790
76131
31403
12685
61480
75042
318
1079
61208
62203
19532
3927
29194
14424
23075
3039
40792
43962
4122
13589
53154
53097
37431
28335
41060
16093
3291
14186
24378
17514
207
16
73810
31435
1118
17517
50354
11952
476
4411
64
13545
5608
16805
22108
21953
41557
17826
28925
4831
9541
2645
32467
12057
42931
614
9632
8494
13983
68049
352
8992
43
18290
19945
1157
2614
2915
14410
26392
11666
51808
16725
1733
93
38452
2820
17975
3078
2324
44036
52761
35807
13749
36212
30072
21669
4362
1570
38800
65761
3881
5170
113
18275
39714
3255
1298
698
1664
27707
61703
2658
19304
30901
293
51967
37950
28933
51368
14004
48141
68310
49707
2242
6029
49423
30359
26423
21728
2921
852
4043
3975
6921
73501
2037
13607
43111
31320
77561
3319
44807
1288
59190
2176
4327
71148
75668
5658
33609
23634
65264
1931
1064
25466
9378
17718
60205
27261
8781
48903
12191
14205
21103
8863
41034
28440
2931
43102
28253
17656
2714
29344
61532
18135
48296
17009
37969
998
58078
52055
37631
25218
63679
4865
617
425
43098
61736
23902
51373
17018
123
15089
74557
59539
18608
1988
13363
70645
24322
6870
25947
14111
16635
1
63889
60358
51767
20476
4756
49491
35938
18438
68515
54386
2448
1336
49466
12029
62478
63678
4180
26776
30103
75669
444
16560
4
36603
44573
65706
4943
16922
53280
11396
5633
4468
1011
3863
34559
2908
40555
28026
31831
52544
1986
36319
9846
42101
75432
5167
35196
51059
20570
30781
6131
11250
16397
15065
1584
10075
4482
17
50613
2974
28930
20278
3541
7252
41608
1507
219
76730
11752
7024
15322
12992
70508
7715
4428
17103
10550
68686
7195
356
27076
6651
313
52837
16940
2181
72273
49545
27363
15275
59462
19575
808
69834
7379
6017
8354
66857
56228
72106
17610
34074
17762
18519
24431
6165
44828
24809
2614
17295
5500
17117
21221
684
13888
7574
15386
25
3
57406
1108
64771
46140
809
3541
30150
73706
23537
58579
21289
44419
16
14933
10238
5369
264
48818
268
19132
34726
203
26690
19900
14922
669
763
440
1051
7407
29708
46500
1066
656
20755
18472
6044
39145
6031
32758
71967
13999
52878
41664
60968
45322
40782
43059
21158
114
7068
855
4215
1280
47454
10380
31535
13962
15495
43819
41193
32480
11432
19983
49243
1318
6867
9811
11175
8725
16375
40771
14626
25540
37843
19516
61200
9705
7319
3044
12479
2943
360
27989
16836
78117
160
13724
12406
16787
1043
13870
13285
412
63548
2175
50350
16987
22837
1532
9542
54708
11161
13027
44506
21367
4471
1243
18785
339
20723
15884
15716
75563
39556
78132
48165
43891
10243
51596
3655
20388
36932
39336
152
1933
521
8120
4223
76268
3623
52537
29791
42946
46063
68
70997
72432
37135
32460
37013
28669
12782
65967
1017
27503
3938
52193
755
20217
4
37281
13212
8
15095
9718
18795
2626
28030
35874
5161
4690
4905
50163
13822
29650
39072
66790
25524
64683
68389
64459
41159
791
756
4779
4891
45303
27498
50138
154
2191
30132
7985
49340
7497
5043
6714
37
18804
40367
12141
25548
3470
21
37135
43764
55560
27228
6608
37479
16029
2640
14380
60717
3019
3903
64464
26179
12818
36152
59590
45861
20480
32401
9325
8126
2515
3866
40685
59464
16049
62371
273
26505
7
12917
21093
24574
59233
9402
38387
17458
44683
14923
30766
9578
8629
20759
22127
